<?xml version="1.0" encoding="UTF-8"?>
<testng-results ignored="0" total="1" passed="1" failed="0" skipped="0">
  <reporter-output>
  </reporter-output>
  <suite started-at="2022-04-07T08:46:47 IST" name="Default suite" finished-at="2022-04-07T08:46:47 IST" duration-ms="65">
    <groups>
    </groups>
    <test started-at="2022-04-07T08:46:47 IST" name="Default test" finished-at="2022-04-07T08:46:47 IST" duration-ms="65">
      <class name="com.testTestng.AnnotationDemo">
        <test-method signature="m1()[pri:0, instance:com.testTestng.AnnotationDemo@52102734]" started-at="2022-04-07T08:46:47 IST" name="m1" finished-at="2022-04-07T08:46:47 IST" duration-ms="14" status="PASS">
          <reporter-output>
          </reporter-output>
        </test-method> <!-- m1 -->
      </class> <!-- com.testTestng.AnnotationDemo -->
    </test> <!-- Default test -->
  </suite> <!-- Default suite -->
</testng-results>
